<?xml version="1.0" encoding="UTF-8"?>
<testng-results ignored="0" total="1" passed="1" failed="0" skipped="0">
  <reporter-output>
  </reporter-output>
  <suite started-at="2022-04-19T07:51:44Z" name="Cognizant Timesheet Functional Suite" finished-at="2022-04-19T07:52:37Z" duration-ms="53160">
    <groups>
    </groups>
    <test started-at="2022-04-19T07:51:44Z" name="Timesheet Functional Test" finished-at="2022-04-19T07:52:37Z" duration-ms="53160">
      <class name="com.cts.testSuites.timesheet">
        <test-method is-config="true" signature="invokeBrowser()[pri:0, instance:com.cts.testSuites.timesheet@58695725]" started-at="2022-04-19T07:51:44Z" name="invokeBrowser" finished-at="2022-04-19T07:51:46Z" duration-ms="2650" status="PASS">
          <reporter-output>
          </reporter-output>
        </test-method> <!-- invokeBrowser -->
        <test-method signature="testCases()[pri:1, instance:com.cts.testSuites.timesheet@58695725]" started-at="2022-04-19T07:51:46Z" name="testCases" finished-at="2022-04-19T07:52:36Z" duration-ms="49619" status="PASS">
          <reporter-output>
          </reporter-output>
        </test-method> <!-- testCases -->
        <test-method is-config="true" signature="closeBrowser()[pri:0, instance:com.cts.testSuites.timesheet@58695725]" started-at="2022-04-19T07:52:36Z" name="closeBrowser" finished-at="2022-04-19T07:52:37Z" duration-ms="880" status="PASS">
          <reporter-output>
          </reporter-output>
        </test-method> <!-- closeBrowser -->
      </class> <!-- com.cts.testSuites.timesheet -->
    </test> <!-- Timesheet Functional Test -->
  </suite> <!-- Cognizant Timesheet Functional Suite -->
</testng-results>
