<?xml version="1.0" encoding="UTF-8"?>
<testng-results ignored="0" total="1" passed="1" failed="0" skipped="0">
  <reporter-output>
  </reporter-output>
  <suite started-at="2022-03-20T16:18:08Z" name="Main Project" finished-at="2022-03-20T16:18:54Z" duration-ms="45792">
    <groups>
    </groups>
    <test started-at="2022-03-20T16:18:08Z" name="SeleniumTesting" finished-at="2022-03-20T16:18:54Z" duration-ms="45792">
      <class name="TestSuites.trutime">
        <test-method is-config="true" signature="invokeBrowser()[pri:0, instance:TestSuites.trutime@2f4948e4]" started-at="2022-03-20T16:18:08Z" name="invokeBrowser" finished-at="2022-03-20T16:18:09Z" duration-ms="1714" status="PASS">
          <reporter-output>
          </reporter-output>
        </test-method> <!-- invokeBrowser -->
        <test-method signature="testCases()[pri:1, instance:TestSuites.trutime@2f4948e4]" started-at="2022-03-20T16:18:09Z" name="testCases" finished-at="2022-03-20T16:18:53Z" duration-ms="43100" status="PASS">
          <reporter-output>
          </reporter-output>
        </test-method> <!-- testCases -->
        <test-method is-config="true" signature="closeBrowser()[pri:0, instance:TestSuites.trutime@2f4948e4]" started-at="2022-03-20T16:18:53Z" name="closeBrowser" finished-at="2022-03-20T16:18:54Z" duration-ms="957" status="PASS">
          <reporter-output>
          </reporter-output>
        </test-method> <!-- closeBrowser -->
      </class> <!-- TestSuites.trutime -->
    </test> <!-- SeleniumTesting -->
  </suite> <!-- Main Project -->
</testng-results>
